<?xml version="1.0" encoding="UTF-8"?>
<testng-results skipped="0" failed="0" total="1" passed="1">
  <reporter-output>
  </reporter-output>
  <suite name="ForresterTestSuite" duration-ms="56609" started-at="2016-08-23T08:57:11Z" finished-at="2016-08-23T08:58:08Z">
    <groups>
    </groups>
    <test name="Test" duration-ms="56609" started-at="2016-08-23T08:57:11Z" finished-at="2016-08-23T08:58:08Z">
      <class name="com.forrester.test.navigation">
        <test-method status="PASS" signature="setUp()[pri:0, instance:com.forrester.test.navigation@66d81b97]" name="setUp" is-config="true" duration-ms="23328" started-at="2016-08-23T14:27:11Z" finished-at="2016-08-23T14:27:35Z">
          <reporter-output>
          </reporter-output>
        </test-method> <!-- setUp -->
        <test-method status="PASS" signature="action()[pri:0, instance:com.forrester.test.navigation@66d81b97]" name="action" duration-ms="31208" started-at="2016-08-23T14:27:35Z" finished-at="2016-08-23T14:28:06Z">
          <reporter-output>
          </reporter-output>
        </test-method> <!-- action -->
        <test-method status="PASS" signature="teardown()[pri:0, instance:com.forrester.test.navigation@66d81b97]" name="teardown" is-config="true" duration-ms="2062" started-at="2016-08-23T14:28:06Z" finished-at="2016-08-23T14:28:08Z">
          <reporter-output>
          </reporter-output>
        </test-method> <!-- teardown -->
      </class> <!-- com.forrester.test.navigation -->
    </test> <!-- Test -->
  </suite> <!-- ForresterTestSuite -->
</testng-results>
