<?xml version="1.0" encoding="UTF-8"?>
<testng-results skipped="0" failed="0" total="1" passed="1">
  <reporter-output>
  </reporter-output>
  <suite name="Default suite" duration-ms="50572" started-at="2016-08-27T16:10:58Z" finished-at="2016-08-27T16:11:49Z">
    <groups>
    </groups>
    <test name="Default test" duration-ms="50572" started-at="2016-08-27T16:10:58Z" finished-at="2016-08-27T16:11:49Z">
      <class name="com.forrester.test.navigation">
        <test-method status="PASS" signature="setUp()[pri:0, instance:com.forrester.test.navigation@42d3bd8b]" name="setUp" is-config="true" duration-ms="25673" started-at="2016-08-27T21:40:58Z" finished-at="2016-08-27T21:41:24Z">
          <reporter-output>
          </reporter-output>
        </test-method> <!-- setUp -->
        <test-method status="PASS" signature="action()[pri:0, instance:com.forrester.test.navigation@42d3bd8b]" name="action" duration-ms="24825" started-at="2016-08-27T21:41:24Z" finished-at="2016-08-27T21:41:49Z">
          <reporter-output>
          </reporter-output>
        </test-method> <!-- action -->
        <test-method status="PASS" signature="teardown()[pri:0, instance:com.forrester.test.navigation@42d3bd8b]" name="teardown" is-config="true" duration-ms="57" started-at="2016-08-27T21:41:49Z" finished-at="2016-08-27T21:41:49Z">
          <reporter-output>
          </reporter-output>
        </test-method> <!-- teardown -->
      </class> <!-- com.forrester.test.navigation -->
    </test> <!-- Default test -->
  </suite> <!-- Default suite -->
</testng-results>
